0 info it worked if it ends with ok
1 verbose cli [ '/Users/davethomas/.nvm/versions/node/v7.0.0/bin/node',
1 verbose cli   '/Users/davethomas/.nvm/versions/node/v7.0.0/bin/npm',
1 verbose cli   'run',
1 verbose cli   'start' ]
2 info using npm@3.10.8
3 info using node@v7.0.0
4 verbose run-script [ 'prestart', 'start', 'poststart' ]
5 info lifecycle v-is-for-vince@1.0.0~prestart: v-is-for-vince@1.0.0
6 silly lifecycle v-is-for-vince@1.0.0~prestart: no script for prestart, continuing
7 info lifecycle v-is-for-vince@1.0.0~start: v-is-for-vince@1.0.0
8 verbose lifecycle v-is-for-vince@1.0.0~start: unsafe-perm in lifecycle true
9 verbose lifecycle v-is-for-vince@1.0.0~start: PATH: /Users/davethomas/.nvm/versions/node/v7.0.0/lib/node_modules/npm/bin/node-gyp-bin:/Users/davethomas/dev/V_Is_For_Vince/node_modules/.bin:/Users/davethomas/.nvm/versions/node/v7.0.0/bin:/Users/davethomas/.sdkman/candidates/groovy/current/bin:/Users/davethomas/.sdkman/candidates/gradle/current/bin:/usr/local/php5/bin:/usr/local/share/scala-2.12.0/bin:/usr/bin:/bin:/usr/sbin:/sbin:/usr/local/bin:/Users/davethomas/Library/Android/sdk/platform-tools:/Users/davethomas/Library/Android/sdk/tools:/usr/local/mysql/bin:/usr/local/go/bin:/Library/Frameworks/Mono.framework/Versions/Current/Commands:/Users/davethomas/dev/bin:/Users/davethomas/Library/Android/sdk/build-tools/24.0.0:/Users/davethomas/dev/trader.mobile.dealerapp.expectedtestingresults/android/tools
10 verbose lifecycle v-is-for-vince@1.0.0~start: CWD: /Users/davethomas/dev/V_Is_For_Vince
11 silly lifecycle v-is-for-vince@1.0.0~start: Args: [ '-c', 'gulp && concurrently "gulp watch" "lite-server"' ]
12 silly lifecycle v-is-for-vince@1.0.0~start: Returned: code: 1  signal: null
13 info lifecycle v-is-for-vince@1.0.0~start: Failed to exec start script
14 verbose stack Error: v-is-for-vince@1.0.0 start: `gulp && concurrently "gulp watch" "lite-server"`
14 verbose stack Exit status 1
14 verbose stack     at EventEmitter.<anonymous> (/Users/davethomas/.nvm/versions/node/v7.0.0/lib/node_modules/npm/lib/utils/lifecycle.js:255:16)
14 verbose stack     at emitTwo (events.js:106:13)
14 verbose stack     at EventEmitter.emit (events.js:191:7)
14 verbose stack     at ChildProcess.<anonymous> (/Users/davethomas/.nvm/versions/node/v7.0.0/lib/node_modules/npm/lib/utils/spawn.js:40:14)
14 verbose stack     at emitTwo (events.js:106:13)
14 verbose stack     at ChildProcess.emit (events.js:191:7)
14 verbose stack     at maybeClose (internal/child_process.js:877:16)
14 verbose stack     at Process.ChildProcess._handle.onexit (internal/child_process.js:226:5)
15 verbose pkgid v-is-for-vince@1.0.0
16 verbose cwd /Users/davethomas/dev/V_Is_For_Vince/src/game
17 error Darwin 16.1.0
18 error argv "/Users/davethomas/.nvm/versions/node/v7.0.0/bin/node" "/Users/davethomas/.nvm/versions/node/v7.0.0/bin/npm" "run" "start"
19 error node v7.0.0
20 error npm  v3.10.8
21 error code ELIFECYCLE
22 error v-is-for-vince@1.0.0 start: `gulp && concurrently "gulp watch" "lite-server"`
22 error Exit status 1
23 error Failed at the v-is-for-vince@1.0.0 start script 'gulp && concurrently "gulp watch" "lite-server"'.
23 error Make sure you have the latest version of node.js and npm installed.
23 error If you do, this is most likely a problem with the v-is-for-vince package,
23 error not with npm itself.
23 error Tell the author that this fails on your system:
23 error     gulp && concurrently "gulp watch" "lite-server"
23 error You can get information on how to open an issue for this project with:
23 error     npm bugs v-is-for-vince
23 error Or if that isn't available, you can get their info via:
23 error     npm owner ls v-is-for-vince
23 error There is likely additional logging output above.
24 verbose exit [ 1, true ]
